{"numTotalTestSuites":2,"numPassedTestSuites":0,"numFailedTestSuites":2,"numPendingTestSuites":0,"numTotalTests":2,"numPassedTests":0,"numFailedTests":2,"numPendingTests":0,"numTodoTests":0,"snapshot":{"added":0,"failure":false,"filesAdded":0,"filesRemoved":0,"filesRemovedList":[],"filesUnmatched":0,"filesUpdated":0,"matched":0,"total":0,"unchecked":0,"uncheckedKeysByFile":[],"unmatched":0,"updated":0,"didUpdate":false},"startTime":1770404565313,"success":false,"testResults":[{"assertionResults":[{"ancestorTitles":["Assessment Flow"],"fullName":"Assessment Flow should create an assessment and trigger AI pricing","status":"failed","title":"should create an assessment and trigger AI pricing","duration":28.37400000000025,"failureMessages":["TypeError: module is not a function\n    at C:/Users/rrome/node_modules/.pnpm/convex-test@0.0.41_convex@1_2e4683301db39593cac9e0ff2c092667/node_modules/convex-test/dist/index.js:1064:22\n    at getFunctionFromPath (C:/Users/rrome/node_modules/.pnpm/convex-test@0.0.41_convex@1_2e4683301db39593cac9e0ff2c092667/node_modules/convex-test/dist/index.js:1442:76)\n    at Object.mutationFromPath (C:/Users/rrome/node_modules/.pnpm/convex-test@0.0.41_convex@1_2e4683301db39593cac9e0ff2c092667/node_modules/convex-test/dist/index.js:1245:32)\n    at Object.mutation (C:/Users/rrome/node_modules/.pnpm/convex-test@0.0.41_convex@1_2e4683301db39593cac9e0ff2c092667/node_modules/convex-test/dist/index.js:1280:41)\n    at processTicksAndRejections (node:internal/process/task_queues:103:5)\n    at C:/Users/rrome/slick_solutions/convex/assessments.test.ts:18:26\n    at file:///C:/Users/rrome/node_modules/.pnpm/@vitest+runner@4.0.18/node_modules/@vitest/runner/dist/index.js:915:20"],"meta":{}},{"ancestorTitles":["Assessment Flow"],"fullName":"Assessment Flow should list assessments by organization","status":"failed","title":"should list assessments by organization","duration":2.4509000000002743,"failureMessages":["TypeError: module is not a function\n    at C:/Users/rrome/node_modules/.pnpm/convex-test@0.0.41_convex@1_2e4683301db39593cac9e0ff2c092667/node_modules/convex-test/dist/index.js:1064:22\n    at getFunctionFromPath (C:/Users/rrome/node_modules/.pnpm/convex-test@0.0.41_convex@1_2e4683301db39593cac9e0ff2c092667/node_modules/convex-test/dist/index.js:1442:76)\n    at Object.mutationFromPath (C:/Users/rrome/node_modules/.pnpm/convex-test@0.0.41_convex@1_2e4683301db39593cac9e0ff2c092667/node_modules/convex-test/dist/index.js:1245:32)\n    at Object.mutation (C:/Users/rrome/node_modules/.pnpm/convex-test@0.0.41_convex@1_2e4683301db39593cac9e0ff2c092667/node_modules/convex-test/dist/index.js:1280:41)\n    at processTicksAndRejections (node:internal/process/task_queues:103:5)\n    at C:/Users/rrome/slick_solutions/convex/assessments.test.ts:53:5\n    at file:///C:/Users/rrome/node_modules/.pnpm/@vitest+runner@4.0.18/node_modules/@vitest/runner/dist/index.js:915:20"],"meta":{}}],"startTime":1770404568447,"endTime":1770404568477.451,"status":"failed","message":"","name":"C:/Users/rrome/slick_solutions/convex/assessments.test.ts"}]}